============================= test session starts ==============================
platform linux -- Python 3.10.5, pytest-7.1.2, pluggy-1.0.0 -- /usr/local/bin/python
cachedir: .pytest_cache
rootdir: /app
collecting ... collected 3 items

tests/test_with_pytest.py::test_write_ddl PASSED                         [ 33%]
tests/test_with_pytest.py::test_reversed PASSED                          [ 66%]
tests/test_with_pytest.py::test_some_primes PASSED                       [100%]

============================== 3 passed in 1.00s ===============================
